0 info it worked if it ends with ok
1 verbose cli [ '/usr/local/bin/node', '/usr/local/bin/npm', 'publish' ]
2 info using npm@4.1.2
3 info using node@v7.6.0
4 verbose publish [ '.' ]
5 silly cache add args [ '.', null ]
6 verbose cache add spec .
7 silly cache add parsed spec Result {
7 silly cache add   raw: '.',
7 silly cache add   scope: null,
7 silly cache add   escapedName: null,
7 silly cache add   name: null,
7 silly cache add   rawSpec: '.',
7 silly cache add   spec: '/Users/maambmb/Projects/maambmb/maambmb-alb-https',
7 silly cache add   type: 'directory' }
8 verbose addLocalDirectory /Users/maambmb/.npm/maambmb-alb-https/1.0.0/package.tgz not in flight; packing
9 verbose correctMkdir /Users/maambmb/.npm correctMkdir not in flight; initializing
10 info lifecycle maambmb-alb-https@1.0.0~prepublish: maambmb-alb-https@1.0.0
11 silly lifecycle maambmb-alb-https@1.0.0~prepublish: no script for prepublish, continuing
12 info lifecycle maambmb-alb-https@1.0.0~prepare: maambmb-alb-https@1.0.0
13 silly lifecycle maambmb-alb-https@1.0.0~prepare: no script for prepare, continuing
14 verbose tar pack [ '/Users/maambmb/.npm/maambmb-alb-https/1.0.0/package.tgz',
14 verbose tar pack   '/Users/maambmb/Projects/maambmb/maambmb-alb-https' ]
15 verbose tarball /Users/maambmb/.npm/maambmb-alb-https/1.0.0/package.tgz
16 verbose folder /Users/maambmb/Projects/maambmb/maambmb-alb-https
17 verbose addLocalTarball adding from inside cache /Users/maambmb/.npm/maambmb-alb-https/1.0.0/package.tgz
18 verbose correctMkdir /Users/maambmb/.npm correctMkdir not in flight; initializing
19 silly cache afterAdd maambmb-alb-https@1.0.0
20 verbose afterAdd /Users/maambmb/.npm/maambmb-alb-https/1.0.0/package/package.json not in flight; writing
21 verbose correctMkdir /Users/maambmb/.npm correctMkdir not in flight; initializing
22 verbose afterAdd /Users/maambmb/.npm/maambmb-alb-https/1.0.0/package/package.json written
23 silly publish { name: 'maambmb-alb-https',
23 silly publish   version: '1.0.0',
23 silly publish   description: '',
23 silly publish   main: 'index.js',
23 silly publish   gitHead: 'd49736b966a8846a9eda27f638ac37634fc58819',
23 silly publish   readme: 'ERROR: No README data found!',
23 silly publish   _id: 'maambmb-alb-https@1.0.0',
23 silly publish   scripts: {},
23 silly publish   _shasum: '83464342cce40d2b3381fa785119de5e71645ccc',
23 silly publish   _from: '.' }
24 info lifecycle maambmb-alb-https@1.0.0~prepublishOnly: maambmb-alb-https@1.0.0
25 silly lifecycle maambmb-alb-https@1.0.0~prepublishOnly: no script for prepublishOnly, continuing
26 verbose getPublishConfig undefined
27 silly mapToRegistry name maambmb-alb-https
28 silly mapToRegistry using default registry
29 silly mapToRegistry registry https://registry.npmjs.org/
30 silly mapToRegistry data Result {
30 silly mapToRegistry   raw: 'maambmb-alb-https',
30 silly mapToRegistry   scope: null,
30 silly mapToRegistry   escapedName: 'maambmb-alb-https',
30 silly mapToRegistry   name: 'maambmb-alb-https',
30 silly mapToRegistry   rawSpec: '',
30 silly mapToRegistry   spec: 'latest',
30 silly mapToRegistry   type: 'tag' }
31 silly mapToRegistry uri https://registry.npmjs.org/maambmb-alb-https
32 verbose publish registryBase https://registry.npmjs.org/
33 silly publish uploading /Users/maambmb/.npm/maambmb-alb-https/1.0.0/package.tgz
34 verbose request uri https://registry.npmjs.org/maambmb-alb-https
35 verbose request sending authorization for write operation
36 info attempt registry request try #1 at 5:30:00 PM
37 verbose request using bearer token for auth
38 verbose request id 63fe659bea36fef3
39 http request PUT https://registry.npmjs.org/maambmb-alb-https
40 http 403 https://registry.npmjs.org/maambmb-alb-https
41 verbose headers { 'content-type': 'application/json',
41 verbose headers   'cache-control': 'max-age=300',
41 verbose headers   'content-length': '95',
41 verbose headers   'accept-ranges': 'bytes',
41 verbose headers   date: 'Tue, 13 Jun 2017 16:30:01 GMT',
41 verbose headers   via: '1.1 varnish',
41 verbose headers   connection: 'keep-alive',
41 verbose headers   'x-served-by': 'cache-lcy1138-LCY',
41 verbose headers   'x-cache': 'MISS',
41 verbose headers   'x-cache-hits': '0',
41 verbose headers   'x-timer': 'S1497371400.265819,VS0,VE871',
41 verbose headers   vary: 'Accept-Encoding' }
42 verbose request invalidating /Users/maambmb/.npm/registry.npmjs.org/maambmb-alb-https on PUT
43 error publish Failed PUT 403
44 verbose stack Error: "You cannot publish over the previously published version 1.0.0." : maambmb-alb-https
44 verbose stack     at makeError (/usr/local/lib/node_modules/npm/node_modules/npm-registry-client/lib/request.js:304:12)
44 verbose stack     at CachingRegistryClient.<anonymous> (/usr/local/lib/node_modules/npm/node_modules/npm-registry-client/lib/request.js:292:14)
44 verbose stack     at Request._callback (/usr/local/lib/node_modules/npm/node_modules/npm-registry-client/lib/request.js:212:14)
44 verbose stack     at Request.self.callback (/usr/local/lib/node_modules/npm/node_modules/request/request.js:186:22)
44 verbose stack     at emitTwo (events.js:106:13)
44 verbose stack     at Request.emit (events.js:192:7)
44 verbose stack     at Request.<anonymous> (/usr/local/lib/node_modules/npm/node_modules/request/request.js:1081:10)
44 verbose stack     at emitOne (events.js:96:13)
44 verbose stack     at Request.emit (events.js:189:7)
44 verbose stack     at IncomingMessage.<anonymous> (/usr/local/lib/node_modules/npm/node_modules/request/request.js:1001:12)
45 verbose statusCode 403
46 verbose pkgid maambmb-alb-https
47 verbose cwd /Users/maambmb/Projects/maambmb/maambmb-alb-https
48 error Darwin 14.5.0
49 error argv "/usr/local/bin/node" "/usr/local/bin/npm" "publish"
50 error node v7.6.0
51 error npm  v4.1.2
52 error code E403
53 error "You cannot publish over the previously published version 1.0.0." : maambmb-alb-https
54 error If you need help, you may report this error at:
54 error     <https://github.com/npm/npm/issues>
55 verbose exit [ 1, true ]
